# JRE version: OpenJDK Runtime Environment Corretto-16.0.2.7.1 (16.0.2+7) (build 16.0.2+7)
# Java VM: OpenJDK 64-Bit Server VM Corretto-16.0.2.7.1 (16.0.2+7, mixed mode, sharing, tiered, compressed oops, compressed class ptrs, g1 gc, windows-amd64)
GC Precious Log:
 CPUs: 2 total, 2 available
 Memory: 3941M
 Large Page Support: Disabled
 NUMA Support: Disabled
 Compressed Oops: Enabled (32-bit)
 Heap Region Size: 1M
 Heap Min Capacity: 256M
 Heap Initial Capacity: 256M
 Heap Max Capacity: 512M
 Pre-touch: Disabled
 Parallel Workers: 2
 Concurrent Workers: 1
 Concurrent Refinement Workers: 2
 Periodic GC: Disabled
Heap:
 garbage-first heap   total 262144K, used 111087K [0x00000000e0000000, 0x0000000100000000)
  region size 1024K, 82 young (83968K), 19 survivors (19456K)
 Metaspace       used 58622K, committed 59136K, reserved 270336K
  class space    used 7698K, committed 7936K, reserved 212992K
GC Heap History (16 events):
Event: 4.330 GC heap before
{Heap before GC invocations=0 (full 0):
 garbage-first heap   total 262144K, used 14336K [0x00000000e0000000, 0x0000000100000000)
  region size 1024K, 12 young (12288K), 0 survivors (0K)
 Metaspace       used 1086K, committed 1216K, reserved 221184K
  class space    used 73K, committed 128K, reserved 212992K
}
Event: 4.336 GC heap after
{Heap after GC invocations=1 (full 0):
 garbage-first heap   total 262144K, used 3579K [0x00000000e0000000, 0x0000000100000000)
  region size 1024K, 2 young (2048K), 2 survivors (2048K)
 Metaspace       used 1086K, committed 1216K, reserved 221184K
  class space    used 73K, committed 128K, reserved 212992K
}
Event: 6.100 GC heap before
{Heap before GC invocations=1 (full 0):
 garbage-first heap   total 262144K, used 15867K [0x00000000e0000000, 0x0000000100000000)
  region size 1024K, 12 young (12288K), 2 survivors (2048K)
 Metaspace       used 3279K, committed 3392K, reserved 221184K
  class space    used 386K, committed 448K, reserved 212992K
}
Event: 6.106 GC heap after
{Heap after GC invocations=2 (full 0):
 garbage-first heap   total 262144K, used 9115K [0x00000000e0000000, 0x0000000100000000)
  region size 1024K, 2 young (2048K), 2 survivors (2048K)
 Metaspace       used 3279K, committed 3392K, reserved 221184K
  class space    used 386K, committed 448K, reserved 212992K
}
Event: 6.396 GC heap before
{Heap before GC invocations=2 (full 0):
 garbage-first heap   total 262144K, used 19355K [0x00000000e0000000, 0x0000000100000000)
  region size 1024K, 13 young (13312K), 2 survivors (2048K)
 Metaspace       used 4131K, committed 4288K, reserved 221184K
  class space    used 481K, committed 576K, reserved 212992K
}
Event: 6.398 GC heap after
{Heap after GC invocations=3 (full 0):
 garbage-first heap   total 262144K, used 9730K [0x00000000e0000000, 0x0000000100000000)
  region size 1024K, 1 young (1024K), 1 survivors (1024K)
 Metaspace       used 4131K, committed 4288K, reserved 221184K
  class space    used 481K, committed 576K, reserved 212992K
}
Event: 10.462 GC heap before
{Heap before GC invocations=3 (full 0):
 garbage-first heap   total 262144K, used 31234K [0x00000000e0000000, 0x0000000100000000)
  region size 1024K, 22 young (22528K), 1 survivors (1024K)
 Metaspace       used 4239K, committed 4416K, reserved 221184K
  class space    used 481K, committed 576K, reserved 212992K
}
Event: 10.465 GC heap after
{Heap after GC invocations=4 (full 0):
 garbage-first heap   total 262144K, used 13010K [0x00000000e0000000, 0x0000000100000000)
  region size 1024K, 3 young (3072K), 3 survivors (3072K)
 Metaspace       used 4239K, committed 4416K, reserved 221184K
  class space    used 481K, committed 576K, reserved 212992K
}
Event: 15.504 GC heap before
{Heap before GC invocations=4 (full 0):
 garbage-first heap   total 262144K, used 112338K [0x00000000e0000000, 0x0000000100000000)
  region size 1024K, 101 young (103424K), 3 survivors (3072K)
 Metaspace       used 20948K, committed 21248K, reserved 237568K
  class space    used 3011K, committed 3136K, reserved 212992K
}
Event: 15.521 GC heap after
{Heap after GC invocations=5 (full 0):
 garbage-first heap   total 262144K, used 20178K [0x00000000e0000000, 0x0000000100000000)
  region size 1024K, 10 young (10240K), 10 survivors (10240K)
 Metaspace       used 20948K, committed 21248K, reserved 237568K
  class space    used 3011K, committed 3136K, reserved 212992K
}
Event: 18.648 GC heap before
{Heap before GC invocations=6 (full 0):
 garbage-first heap   total 262144K, used 109266K [0x00000000e0000000, 0x0000000100000000)
  region size 1024K, 95 young (97280K), 10 survivors (10240K)
 Metaspace       used 33473K, committed 33856K, reserved 245760K
  class space    used 4467K, committed 4672K, reserved 212992K
}
Event: 18.677 GC heap after
{Heap after GC invocations=7 (full 0):
 garbage-first heap   total 262144K, used 28947K [0x00000000e0000000, 0x0000000100000000)
  region size 1024K, 9 young (9216K), 9 survivors (9216K)
 Metaspace       used 33473K, committed 33856K, reserved 245760K
  class space    used 4467K, committed 4672K, reserved 212992K
}
Event: 19.133 GC heap before
{Heap before GC invocations=7 (full 0):
 garbage-first heap   total 262144K, used 40211K [0x00000000e0000000, 0x0000000100000000)
  region size 1024K, 20 young (20480K), 9 survivors (9216K)
 Metaspace       used 35196K, committed 35520K, reserved 245760K
  class space    used 4636K, committed 4800K, reserved 212992K
}
Event: 19.149 GC heap after
{Heap after GC invocations=8 (full 0):
 garbage-first heap   total 262144K, used 29167K [0x00000000e0000000, 0x0000000100000000)
  region size 1024K, 1 young (1024K), 1 survivors (1024K)
 Metaspace       used 35196K, committed 35520K, reserved 245760K
  class space    used 4636K, committed 4800K, reserved 212992K
}
Event: 33.377 GC heap before
{Heap before GC invocations=9 (full 0):
 garbage-first heap   total 262144K, used 183791K [0x00000000e0000000, 0x0000000100000000)
  region size 1024K, 153 young (156672K), 1 survivors (1024K)
 Metaspace       used 54148K, committed 54656K, reserved 262144K
  class space    used 7269K, committed 7488K, reserved 212992K
}
Event: 33.435 GC heap after
{Heap after GC invocations=10 (full 0):
 garbage-first heap   total 262144K, used 47599K [0x00000000e0000000, 0x0000000100000000)
  region size 1024K, 19 young (19456K), 19 survivors (19456K)
 Metaspace       used 54148K, committed 54656K, reserved 262144K
  class space    used 7269K, committed 7488K, reserved 212992K
}

