# JRE version: OpenJDK Runtime Environment Corretto-16.0.2.7.1 (16.0.2+7) (build 16.0.2+7)
# Java VM: OpenJDK 64-Bit Server VM Corretto-16.0.2.7.1 (16.0.2+7, mixed mode, sharing, tiered, compressed oops, compressed class ptrs, g1 gc, windows-amd64)
GC Precious Log:
 CPUs: 2 total, 2 available
 Memory: 3941M
 Large Page Support: Disabled
 NUMA Support: Disabled
 Compressed Oops: Enabled (32-bit)
 Heap Region Size: 1M
 Heap Min Capacity: 256M
 Heap Initial Capacity: 256M
 Heap Max Capacity: 512M
 Pre-touch: Disabled
 Parallel Workers: 2
 Concurrent Workers: 1
 Concurrent Refinement Workers: 2
 Periodic GC: Disabled
Heap:
 garbage-first heap   total 262144K, used 167387K [0x00000000e0000000, 0x0000000100000000)
  region size 1024K, 137 young (140288K), 1 survivors (1024K)
 Metaspace       used 54285K, committed 54848K, reserved 262144K
  class space    used 7331K, committed 7616K, reserved 212992K
GC Heap History (14 events):
Event: 5.432 GC heap before
{Heap before GC invocations=0 (full 0):
 garbage-first heap   total 262144K, used 14336K [0x00000000e0000000, 0x0000000100000000)
  region size 1024K, 12 young (12288K), 0 survivors (0K)
 Metaspace       used 1093K, committed 1216K, reserved 221184K
  class space    used 73K, committed 128K, reserved 212992K
}
Event: 5.439 GC heap after
{Heap after GC invocations=1 (full 0):
 garbage-first heap   total 262144K, used 3566K [0x00000000e0000000, 0x0000000100000000)
  region size 1024K, 2 young (2048K), 2 survivors (2048K)
 Metaspace       used 1093K, committed 1216K, reserved 221184K
  class space    used 73K, committed 128K, reserved 212992K
}
Event: 8.864 GC heap before
{Heap before GC invocations=1 (full 0):
 garbage-first heap   total 262144K, used 15854K [0x00000000e0000000, 0x0000000100000000)
  region size 1024K, 12 young (12288K), 2 survivors (2048K)
 Metaspace       used 3282K, committed 3392K, reserved 221184K
  class space    used 386K, committed 448K, reserved 212992K
}
Event: 8.873 GC heap after
{Heap after GC invocations=2 (full 0):
 garbage-first heap   total 262144K, used 9065K [0x00000000e0000000, 0x0000000100000000)
  region size 1024K, 2 young (2048K), 2 survivors (2048K)
 Metaspace       used 3282K, committed 3392K, reserved 221184K
  class space    used 386K, committed 448K, reserved 212992K
}
Event: 9.489 GC heap before
{Heap before GC invocations=2 (full 0):
 garbage-first heap   total 262144K, used 20329K [0x00000000e0000000, 0x0000000100000000)
  region size 1024K, 13 young (13312K), 2 survivors (2048K)
 Metaspace       used 4164K, committed 4352K, reserved 221184K
  class space    used 481K, committed 576K, reserved 212992K
}
Event: 9.492 GC heap after
{Heap after GC invocations=3 (full 0):
 garbage-first heap   total 262144K, used 9602K [0x00000000e0000000, 0x0000000100000000)
  region size 1024K, 1 young (1024K), 1 survivors (1024K)
 Metaspace       used 4164K, committed 4352K, reserved 221184K
  class space    used 481K, committed 576K, reserved 212992K
}
Event: 13.523 GC heap before
{Heap before GC invocations=3 (full 0):
 garbage-first heap   total 262144K, used 31106K [0x00000000e0000000, 0x0000000100000000)
  region size 1024K, 22 young (22528K), 1 survivors (1024K)
 Metaspace       used 4247K, committed 4416K, reserved 221184K
  class space    used 482K, committed 576K, reserved 212992K
}
Event: 13.526 GC heap after
{Heap after GC invocations=4 (full 0):
 garbage-first heap   total 262144K, used 12800K [0x00000000e0000000, 0x0000000100000000)
  region size 1024K, 3 young (3072K), 3 survivors (3072K)
 Metaspace       used 4247K, committed 4416K, reserved 221184K
  class space    used 482K, committed 576K, reserved 212992K
}
Event: 18.130 GC heap before
{Heap before GC invocations=4 (full 0):
 garbage-first heap   total 262144K, used 112128K [0x00000000e0000000, 0x0000000100000000)
  region size 1024K, 101 young (103424K), 3 survivors (3072K)
 Metaspace       used 20948K, committed 21248K, reserved 237568K
  class space    used 3015K, committed 3200K, reserved 212992K
}
Event: 18.150 GC heap after
{Heap after GC invocations=5 (full 0):
 garbage-first heap   total 262144K, used 19853K [0x00000000e0000000, 0x0000000100000000)
  region size 1024K, 10 young (10240K), 10 survivors (10240K)
 Metaspace       used 20948K, committed 21248K, reserved 237568K
  class space    used 3015K, committed 3200K, reserved 212992K
}
Event: 21.019 GC heap before
{Heap before GC invocations=6 (full 0):
 garbage-first heap   total 262144K, used 109965K [0x00000000e0000000, 0x0000000100000000)
  region size 1024K, 95 young (97280K), 10 survivors (10240K)
 Metaspace       used 34157K, committed 34496K, reserved 245760K
  class space    used 4474K, committed 4672K, reserved 212992K
}
Event: 21.047 GC heap after
{Heap after GC invocations=7 (full 0):
 garbage-first heap   total 262144K, used 29007K [0x00000000e0000000, 0x0000000100000000)
  region size 1024K, 9 young (9216K), 9 survivors (9216K)
 Metaspace       used 34157K, committed 34496K, reserved 245760K
  class space    used 4474K, committed 4672K, reserved 212992K
}
Event: 21.354 GC heap before
{Heap before GC invocations=7 (full 0):
 garbage-first heap   total 262144K, used 38223K [0x00000000e0000000, 0x0000000100000000)
  region size 1024K, 19 young (19456K), 9 survivors (9216K)
 Metaspace       used 35179K, committed 35520K, reserved 245760K
  class space    used 4639K, committed 4800K, reserved 212992K
}
Event: 21.371 GC heap after
{Heap after GC invocations=8 (full 0):
 garbage-first heap   total 262144K, used 29147K [0x00000000e0000000, 0x0000000100000000)
  region size 1024K, 1 young (1024K), 1 survivors (1024K)
 Metaspace       used 35179K, committed 35520K, reserved 245760K
  class space    used 4639K, committed 4800K, reserved 212992K
}

